<?xml version="1.0" encoding="UTF-8"?>
<testng-results ignored="0" total="4" passed="4" failed="0" skipped="0">
  <reporter-output>
    <line>
      <![CDATA[Clicking on the Login Link]]>
    </line>
    <line>
      <![CDATA[Entering the Email in the Email Textfeild]]>
    </line>
    <line>
      <![CDATA[Entering the Password into the Password Textfeild]]>
    </line>
    <line>
      <![CDATA[Clicking on the Remember me Checkbox]]>
    </line>
    <line>
      <![CDATA[Clicking on the Login Button]]>
    </line>
    <line>
      <![CDATA[Clicking on the Giftcards Menu]]>
    </line>
    <line>
      <![CDATA[selecting the option]]>
    </line>
    <line>
      <![CDATA[Selecting the option]]>
    </line>
    <line>
      <![CDATA[Selecting the Option]]>
    </line>
    <line>
      <![CDATA[Clicking on the $50 Virtual Gift card Product Link]]>
    </line>
    <line>
      <![CDATA[Clicking on the Login Link]]>
    </line>
    <line>
      <![CDATA[Entering the Email in the Email Textfeild]]>
    </line>
    <line>
      <![CDATA[Entering the Password into the Password Textfeild]]>
    </line>
    <line>
      <![CDATA[Clicking on the Remember me Checkbox]]>
    </line>
    <line>
      <![CDATA[Clicking on the Login Button]]>
    </line>
    <line>
      <![CDATA[clicking on the Login Link]]>
    </line>
    <line>
      <![CDATA[Entering the Email in the Email Textfeild]]>
    </line>
    <line>
      <![CDATA[Entering the Password into the Password Textfeild]]>
    </line>
    <line>
      <![CDATA[Clicking on the Remember me Checkbox]]>
    </line>
    <line>
      <![CDATA[Clicking on the Login Button]]>
    </line>
    <line>
      <![CDATA[Clicking on the Giftcards Menu]]>
    </line>
    <line>
      <![CDATA[selecting the option]]>
    </line>
    <line>
      <![CDATA[Selecting the option]]>
    </line>
    <line>
      <![CDATA[Selecting the Option]]>
    </line>
    <line>
      <![CDATA[Clicking on the $50 Virtual Gift card Product Link]]>
    </line>
    <line>
      <![CDATA[Entering the data into the Recipents Name Textfeild]]>
    </line>
    <line>
      <![CDATA[Clicking on the ADD to cart Button]]>
    </line>
    <line>
      <![CDATA[Clicking on the Crossmark on message product is added to the cart]]>
    </line>
    <line>
      <![CDATA[Clicking on the Shopping cart Link]]>
    </line>
    <line>
      <![CDATA[Clicking on the I Agree Checkbox]]>
    </line>
    <line>
      <![CDATA[Clicking on the Checkout Button]]>
    </line>
    <line>
      <![CDATA[Selecting the Option]]>
    </line>
    <line>
      <![CDATA[Entering the Data into the Firstname Textfeild]]>
    </line>
    <line>
      <![CDATA[Entering the Data into the Lastname Textfeild]]>
    </line>
    <line>
      <![CDATA[Entering the Data into the Email Textfeild]]>
    </line>
    <line>
      <![CDATA[selecting one option]]>
    </line>
    <line>
      <![CDATA[Entering the Data into the City Textfeild]]>
    </line>
    <line>
      <![CDATA[Entering the Data into the Address1 Textfeild]]>
    </line>
    <line>
      <![CDATA[Entering the Data into the Zip/PostalCode]]>
    </line>
    <line>
      <![CDATA[Entering the Data into the Phone Number Textfeild]]>
    </line>
    <line>
      <![CDATA[Clicking on the continue Button]]>
    </line>
    <line>
      <![CDATA[Clicking on the Instore Pickup]]>
    </line>
    <line>
      <![CDATA[Clicking on the Continue Button]]>
    </line>
    <line>
      <![CDATA[Clicking on the Cash on Delivery RadioButton]]>
    </line>
    <line>
      <![CDATA[Clicking on the Continue Button]]>
    </line>
    <line>
      <![CDATA[Clicking on the Continue Button]]>
    </line>
    <line>
      <![CDATA[Clicking on the Confirm Button]]>
    </line>
    <line>
      <![CDATA[Clicking on the Continue Button]]>
    </line>
    <line>
      <![CDATA[Clicking on the Register Link]]>
    </line>
    <line>
      <![CDATA[Clicking on the Gender male Radio Button]]>
    </line>
    <line>
      <![CDATA[Entering the Firstname into the Firstname Textfeild]]>
    </line>
    <line>
      <![CDATA[Entering the Lasttname into the Lastname Textfeild]]>
    </line>
    <line>
      <![CDATA[Entering the Email into the Email Textfeild]]>
    </line>
    <line>
      <![CDATA[Entering the Password into the Password Textfeild]]>
    </line>
    <line>
      <![CDATA[Entering the password in Confirm Password]]>
    </line>
    <line>
      <![CDATA[Clicking on the Register Button]]>
    </line>
  </reporter-output>
  <suite started-at="2022-11-24T15:23:03 IST" name="Command line suite" finished-at="2022-11-24T15:24:06 IST" duration-ms="62754">
    <groups>
    </groups>
    <test started-at="2022-11-24T15:23:03 IST" name="Command line test" finished-at="2022-11-24T15:24:06 IST" duration-ms="62754">
      <class name="Tests.RegisterTest">
        <test-method is-config="true" signature="LaunchingBrowser()[pri:0, instance:Tests.RegisterTest@3c947bc5]" started-at="2022-11-24T15:23:55 IST" name="LaunchingBrowser" finished-at="2022-11-24T15:24:03 IST" duration-ms="8776" status="PASS">
          <reporter-output>
          </reporter-output>
        </test-method> <!-- LaunchingBrowser -->
        <test-method signature="register()[pri:0, instance:Tests.RegisterTest@3c947bc5]" started-at="2022-11-24T15:24:03 IST" name="register" finished-at="2022-11-24T15:24:05 IST" duration-ms="1957" status="PASS">
          <reporter-output>
            <line>
              <![CDATA[Clicking on the Register Link]]>
            </line>
            <line>
              <![CDATA[Clicking on the Gender male Radio Button]]>
            </line>
            <line>
              <![CDATA[Entering the Firstname into the Firstname Textfeild]]>
            </line>
            <line>
              <![CDATA[Entering the Lasttname into the Lastname Textfeild]]>
            </line>
            <line>
              <![CDATA[Entering the Email into the Email Textfeild]]>
            </line>
            <line>
              <![CDATA[Entering the Password into the Password Textfeild]]>
            </line>
            <line>
              <![CDATA[Entering the password in Confirm Password]]>
            </line>
            <line>
              <![CDATA[Clicking on the Register Button]]>
            </line>
          </reporter-output>
        </test-method> <!-- register -->
        <test-method is-config="true" signature="ClosingBrowser()[pri:0, instance:Tests.RegisterTest@3c947bc5]" started-at="2022-11-24T15:24:05 IST" name="ClosingBrowser" finished-at="2022-11-24T15:24:06 IST" duration-ms="240" status="PASS">
          <reporter-output>
          </reporter-output>
        </test-method> <!-- ClosingBrowser -->
      </class> <!-- Tests.RegisterTest -->
      <class name="Tests.ProductTest">
        <test-method is-config="true" signature="LaunchingBrowser()[pri:0, instance:Tests.ProductTest@5552768b]" started-at="2022-11-24T15:23:30 IST" name="LaunchingBrowser" finished-at="2022-11-24T15:23:39 IST" duration-ms="8303" status="PASS">
          <reporter-output>
          </reporter-output>
        </test-method> <!-- LaunchingBrowser -->
        <test-method signature="Giftcardslink()[pri:1, instance:Tests.ProductTest@5552768b]" started-at="2022-11-24T15:23:39 IST" name="Giftcardslink" finished-at="2022-11-24T15:23:54 IST" duration-ms="15845" status="PASS">
          <reporter-output>
            <line>
              <![CDATA[clicking on the Login Link]]>
            </line>
            <line>
              <![CDATA[Entering the Email in the Email Textfeild]]>
            </line>
            <line>
              <![CDATA[Entering the Password into the Password Textfeild]]>
            </line>
            <line>
              <![CDATA[Clicking on the Remember me Checkbox]]>
            </line>
            <line>
              <![CDATA[Clicking on the Login Button]]>
            </line>
            <line>
              <![CDATA[Clicking on the Giftcards Menu]]>
            </line>
            <line>
              <![CDATA[selecting the option]]>
            </line>
            <line>
              <![CDATA[Selecting the option]]>
            </line>
            <line>
              <![CDATA[Selecting the Option]]>
            </line>
            <line>
              <![CDATA[Clicking on the $50 Virtual Gift card Product Link]]>
            </line>
            <line>
              <![CDATA[Entering the data into the Recipents Name Textfeild]]>
            </line>
            <line>
              <![CDATA[Clicking on the ADD to cart Button]]>
            </line>
            <line>
              <![CDATA[Clicking on the Crossmark on message product is added to the cart]]>
            </line>
            <line>
              <![CDATA[Clicking on the Shopping cart Link]]>
            </line>
            <line>
              <![CDATA[Clicking on the I Agree Checkbox]]>
            </line>
            <line>
              <![CDATA[Clicking on the Checkout Button]]>
            </line>
            <line>
              <![CDATA[Selecting the Option]]>
            </line>
            <line>
              <![CDATA[Entering the Data into the Firstname Textfeild]]>
            </line>
            <line>
              <![CDATA[Entering the Data into the Lastname Textfeild]]>
            </line>
            <line>
              <![CDATA[Entering the Data into the Email Textfeild]]>
            </line>
            <line>
              <![CDATA[selecting one option]]>
            </line>
            <line>
              <![CDATA[Entering the Data into the City Textfeild]]>
            </line>
            <line>
              <![CDATA[Entering the Data into the Address1 Textfeild]]>
            </line>
            <line>
              <![CDATA[Entering the Data into the Zip/PostalCode]]>
            </line>
            <line>
              <![CDATA[Entering the Data into the Phone Number Textfeild]]>
            </line>
            <line>
              <![CDATA[Clicking on the continue Button]]>
            </line>
            <line>
              <![CDATA[Clicking on the Instore Pickup]]>
            </line>
            <line>
              <![CDATA[Clicking on the Continue Button]]>
            </line>
            <line>
              <![CDATA[Clicking on the Cash on Delivery RadioButton]]>
            </line>
            <line>
              <![CDATA[Clicking on the Continue Button]]>
            </line>
            <line>
              <![CDATA[Clicking on the Continue Button]]>
            </line>
            <line>
              <![CDATA[Clicking on the Confirm Button]]>
            </line>
            <line>
              <![CDATA[Clicking on the Continue Button]]>
            </line>
          </reporter-output>
        </test-method> <!-- Giftcardslink -->
        <test-method is-config="true" signature="ClosingBrowser()[pri:0, instance:Tests.ProductTest@5552768b]" started-at="2022-11-24T15:23:54 IST" name="ClosingBrowser" finished-at="2022-11-24T15:23:55 IST" duration-ms="244" status="PASS">
          <reporter-output>
          </reporter-output>
        </test-method> <!-- ClosingBrowser -->
      </class> <!-- Tests.ProductTest -->
      <class name="Tests.GiftcardsTest">
        <test-method is-config="true" signature="LaunchingBrowser()[pri:0, instance:Tests.GiftcardsTest@2b4bac49]" started-at="2022-11-24T15:23:03 IST" name="LaunchingBrowser" finished-at="2022-11-24T15:23:13 IST" duration-ms="10172" status="PASS">
          <reporter-output>
          </reporter-output>
        </test-method> <!-- LaunchingBrowser -->
        <test-method signature="Giftcards()[pri:0, instance:Tests.GiftcardsTest@2b4bac49]" started-at="2022-11-24T15:23:13 IST" name="Giftcards" finished-at="2022-11-24T15:23:20 IST" duration-ms="6532" status="PASS">
          <reporter-output>
            <line>
              <![CDATA[Clicking on the Login Link]]>
            </line>
            <line>
              <![CDATA[Entering the Email in the Email Textfeild]]>
            </line>
            <line>
              <![CDATA[Entering the Password into the Password Textfeild]]>
            </line>
            <line>
              <![CDATA[Clicking on the Remember me Checkbox]]>
            </line>
            <line>
              <![CDATA[Clicking on the Login Button]]>
            </line>
            <line>
              <![CDATA[Clicking on the Giftcards Menu]]>
            </line>
            <line>
              <![CDATA[selecting the option]]>
            </line>
            <line>
              <![CDATA[Selecting the option]]>
            </line>
            <line>
              <![CDATA[Selecting the Option]]>
            </line>
            <line>
              <![CDATA[Clicking on the $50 Virtual Gift card Product Link]]>
            </line>
          </reporter-output>
        </test-method> <!-- Giftcards -->
        <test-method is-config="true" signature="ClosingBrowser()[pri:0, instance:Tests.GiftcardsTest@2b4bac49]" started-at="2022-11-24T15:23:20 IST" name="ClosingBrowser" finished-at="2022-11-24T15:23:20 IST" duration-ms="186" status="PASS">
          <reporter-output>
          </reporter-output>
        </test-method> <!-- ClosingBrowser -->
      </class> <!-- Tests.GiftcardsTest -->
      <class name="Tests.LoginTest">
        <test-method is-config="true" signature="LaunchingBrowser()[pri:0, instance:Tests.LoginTest@671a5887]" started-at="2022-11-24T15:23:20 IST" name="LaunchingBrowser" finished-at="2022-11-24T15:23:28 IST" duration-ms="8239" status="PASS">
          <reporter-output>
          </reporter-output>
        </test-method> <!-- LaunchingBrowser -->
        <test-method signature="login()[pri:0, instance:Tests.LoginTest@671a5887]" started-at="2022-11-24T15:23:28 IST" name="login" finished-at="2022-11-24T15:23:30 IST" duration-ms="1948" status="PASS">
          <reporter-output>
            <line>
              <![CDATA[Clicking on the Login Link]]>
            </line>
            <line>
              <![CDATA[Entering the Email in the Email Textfeild]]>
            </line>
            <line>
              <![CDATA[Entering the Password into the Password Textfeild]]>
            </line>
            <line>
              <![CDATA[Clicking on the Remember me Checkbox]]>
            </line>
            <line>
              <![CDATA[Clicking on the Login Button]]>
            </line>
          </reporter-output>
        </test-method> <!-- login -->
        <test-method is-config="true" signature="ClosingBrowser()[pri:0, instance:Tests.LoginTest@671a5887]" started-at="2022-11-24T15:23:30 IST" name="ClosingBrowser" finished-at="2022-11-24T15:23:30 IST" duration-ms="194" status="PASS">
          <reporter-output>
          </reporter-output>
        </test-method> <!-- ClosingBrowser -->
      </class> <!-- Tests.LoginTest -->
    </test> <!-- Command line test -->
  </suite> <!-- Command line suite -->
</testng-results>
